Added Component: Designator=ANT1(Atenna_BT)
Added Component: Designator=BT1(CR2477HFN)
Add component (AddParameter): Name = "Arrow Part Number"; Value = ""; VariantName = "[No Variations]"
Add component (AddParameter): Name = "Arrow Price/Stock"; Value = ""; VariantName = "[No Variations]"
Add component (AddParameter): Name = "Datasheet Link"; Value = "https://docs.rs-online.com/9312/0900766b8061c9c3.pdf"; VariantName = "[No Variations]"
Add component (AddParameter): Name = "Height"; Value = "8.8mm"; VariantName = "[No Variations]"
Add component (AddParameter): Name = "Manufacturer_Name"; Value = "METREL"; VariantName = "[No Variations]"
Add component (AddParameter): Name = "Manufacturer_Part_Number"; Value = "CR2477-HFN"; VariantName = "[No Variations]"
Add component (AddParameter): Name = "Mouser Part Number"; Value = ""; VariantName = "[No Variations]"
Add component (AddParameter): Name = "Mouser Price/Stock"; Value = ""; VariantName = "[No Variations]"
Added Pin To Net: NetName=RF Pin=ANT1-1
Added Pin To Net: NetName=RF Pin=ANT1-1
Added Pin To Net: NetName=RF Pin=ANT1-1
Added Pin To Net: NetName=RF Pin=ANT1-1
Added Pin To Net: NetName=RF Pin=ANT1-1
Added Pin To Net: NetName=RF Pin=ANT1-1
Added Pin To Net: NetName=RF Pin=ANT1-1
Added Pin To Net: NetName=RF Pin=ANT1-1
Added Pin To Net: NetName=RF Pin=ANT1-1
Added Pin To Net: NetName=RF Pin=ANT1-1
Added Pin To Net: NetName=RF Pin=ANT1-1
Added Pin To Net: NetName=GND Pin=ANT1-2
Added Pin To Net: NetName=VDD_nRF Pin=BT1-1
Added Pin To Net: NetName=GND Pin=BT1-2
Added Member To Class: ClassName=BLE_Schematic Member=Component ANT1 Antenna BT 2.4 GHz
Added Member To Class: ClassName=BLE_Schematic Member=Component BT1 CR2477-HFN
